mode: set
github.com/Ulbora/FlicService/handlers/flicHandler.go:67.41,69.2 1 1
github.com/Ulbora/FlicService/handlers/flicHandler.go:72.81,86.13 7 1
github.com/Ulbora/FlicService/handlers/flicHandler.go:86.13,88.3 1 1
github.com/Ulbora/FlicService/handlers/flicHandler.go:88.8,94.25 6 1
github.com/Ulbora/FlicService/handlers/flicHandler.go:94.25,96.4 1 1
github.com/Ulbora/FlicService/handlers/flicHandler.go:96.9,100.20 4 1
github.com/Ulbora/FlicService/handlers/flicHandler.go:105.4,107.51 2 1
github.com/Ulbora/FlicService/handlers/flicHandler.go:111.4,116.19 5 1
github.com/Ulbora/FlicService/handlers/flicHandler.go:121.4,127.20 7 1
github.com/Ulbora/FlicService/handlers/flicHandler.go:132.4,133.11 2 1
github.com/Ulbora/FlicService/handlers/flicHandler.go:100.20,103.5 2 1
github.com/Ulbora/FlicService/handlers/flicHandler.go:107.51,110.5 2 1
github.com/Ulbora/FlicService/handlers/flicHandler.go:116.19,119.5 2 1
github.com/Ulbora/FlicService/handlers/flicHandler.go:127.20,129.5 1 1
github.com/Ulbora/FlicService/handlers/flicHandler.go:129.10,129.25 1 1
github.com/Ulbora/FlicService/handlers/flicHandler.go:129.25,131.5 1 1
github.com/Ulbora/FlicService/handlers/flicHandler.go:133.11,138.5 4 1
github.com/Ulbora/FlicService/handlers/flicHandler.go:138.10,140.5 1 1
github.com/Ulbora/FlicService/handlers/flicHandler.go:149.77,156.13 7 1
github.com/Ulbora/FlicService/handlers/flicHandler.go:156.13,158.3 1 1
github.com/Ulbora/FlicService/handlers/flicHandler.go:158.8,164.25 6 1
github.com/Ulbora/FlicService/handlers/flicHandler.go:164.25,166.4 1 1
github.com/Ulbora/FlicService/handlers/flicHandler.go:166.9,170.20 4 1
github.com/Ulbora/FlicService/handlers/flicHandler.go:175.4,177.51 2 1
github.com/Ulbora/FlicService/handlers/flicHandler.go:181.4,186.19 5 1
github.com/Ulbora/FlicService/handlers/flicHandler.go:191.4,197.20 7 1
github.com/Ulbora/FlicService/handlers/flicHandler.go:202.4,203.11 2 1
github.com/Ulbora/FlicService/handlers/flicHandler.go:170.20,173.5 2 1
github.com/Ulbora/FlicService/handlers/flicHandler.go:177.51,180.5 2 1
github.com/Ulbora/FlicService/handlers/flicHandler.go:186.19,189.5 2 1
github.com/Ulbora/FlicService/handlers/flicHandler.go:197.20,199.5 1 1
github.com/Ulbora/FlicService/handlers/flicHandler.go:199.10,199.25 1 1
github.com/Ulbora/FlicService/handlers/flicHandler.go:199.25,201.5 1 1
github.com/Ulbora/FlicService/handlers/flicHandler.go:203.11,225.5 20 1
github.com/Ulbora/FlicService/handlers/flicHandler.go:225.10,227.5 1 1
github.com/Ulbora/FlicService/handlers/flicHandler.go:234.76,237.13 3 1
github.com/Ulbora/FlicService/handlers/flicHandler.go:237.13,239.3 1 1
github.com/Ulbora/FlicService/handlers/flicHandler.go:239.8,245.25 6 1
github.com/Ulbora/FlicService/handlers/flicHandler.go:245.25,247.4 1 1
github.com/Ulbora/FlicService/handlers/flicHandler.go:247.9,252.11 5 1
github.com/Ulbora/FlicService/handlers/flicHandler.go:252.11,255.5 2 1
github.com/Ulbora/FlicService/handlers/flicHandler.go:255.10,257.5 1 1
github.com/Ulbora/FlicService/handlers/flicHandler.go:263.58,266.33 3 1
github.com/Ulbora/FlicService/handlers/flicHandler.go:269.2,269.12 1 1
github.com/Ulbora/FlicService/handlers/flicHandler.go:266.33,268.3 1 1
github.com/Ulbora/FlicService/handlers/flicHandler.go:273.61,275.2 1 1
github.com/Ulbora/FlicService/handlers/flicHandler.go:278.83,281.19 3 1
github.com/Ulbora/FlicService/handlers/flicHandler.go:292.2,292.17 1 1
github.com/Ulbora/FlicService/handlers/flicHandler.go:281.19,284.17 3 1
github.com/Ulbora/FlicService/handlers/flicHandler.go:284.17,286.4 1 1
github.com/Ulbora/FlicService/handlers/flicHandler.go:286.9,288.4 1 1
github.com/Ulbora/FlicService/handlers/flicHandler.go:289.8,291.3 1 1
github.com/Ulbora/FlicService/handlers/loggingHandler.go:56.75,63.16 4 1
github.com/Ulbora/FlicService/handlers/loggingHandler.go:63.16,65.3 1 1
github.com/Ulbora/FlicService/handlers/loggingHandler.go:65.8,67.37 2 1
github.com/Ulbora/FlicService/handlers/loggingHandler.go:72.3,75.34 4 1
github.com/Ulbora/FlicService/handlers/loggingHandler.go:106.3,107.33 2 1
github.com/Ulbora/FlicService/handlers/loggingHandler.go:67.37,69.4 1 1
github.com/Ulbora/FlicService/handlers/loggingHandler.go:69.9,71.4 1 1
github.com/Ulbora/FlicService/handlers/loggingHandler.go:75.34,81.30 3 1
github.com/Ulbora/FlicService/handlers/loggingHandler.go:81.30,83.5 1 1
github.com/Ulbora/FlicService/handlers/loggingHandler.go:83.10,84.38 1 1
github.com/Ulbora/FlicService/handlers/loggingHandler.go:85.21,88.34 3 1
github.com/Ulbora/FlicService/handlers/loggingHandler.go:89.20,92.33 3 1
github.com/Ulbora/FlicService/handlers/loggingHandler.go:93.19,96.32 3 1
github.com/Ulbora/FlicService/handlers/loggingHandler.go:97.19,100.32 3 1
github.com/Ulbora/FlicService/handlers/loggingHandler.go:103.9,105.4 1 1
